#
# There is insufficient memory for the Java Runtime Environment to continue.
# Native memory allocation (mmap) failed to map 68157440 bytes for committing reserved memory.
# Possible reasons:
#   The system is out of physical RAM or swap space
#   In 32 bit mode, the process size limit was hit
# Possible solutions:
#   Reduce memory load on the system
#   Increase physical memory or swap space
#   Check if swap backing store is full
#   Use 64 bit Java on a 64 bit OS
#   Decrease Java heap size (-Xmx/-Xms)
#   Decrease number of Java threads
#   Decrease Java thread stack sizes (-Xss)
#   Set larger code cache with -XX:ReservedCodeCacheSize=
# This output file may be truncated or incomplete.
#
#  Out of Memory Error (os_linux.cpp:2673), pid=8452, tid=140196351018752
#
# JRE version: OpenJDK Runtime Environment (8.0_45-b14) (build 1.8.0_45-internal-b14)
# Java VM: OpenJDK 64-Bit Server VM (25.45-b02 mixed mode linux-amd64 compressed oops)
# Failed to write core dump. Core dumps have been disabled. To enable core dumping, try "ulimit -c unlimited" before starting Java again
#

---------------  T H R E A D  ---------------

Current thread (0x00007f8218077800):  VMThread [stack: 0x00007f8201a38000,0x00007f8201b39000] [id=8463]

Stack: [0x00007f8201a38000,0x00007f8201b39000],  sp=0x00007f8201b37480,  free space=1021k
Native frames: (J=compiled Java code, j=interpreted, Vv=VM code, C=native code)
V  [libjvm.so+0x9e67bd]  VMError::report_and_die()+0x15d
V  [libjvm.so+0x4b53fa]  report_vm_out_of_memory(char const*, int, unsigned long, VMErrorType, char const*)+0x8a
V  [libjvm.so+0x84d640]  os::pd_commit_memory(char*, unsigned long, unsigned long, bool)+0xf0
V  [libjvm.so+0x84818f]  os::commit_memory(char*, unsigned long, unsigned long, bool)+0x1f
V  [libjvm.so+0x8bc7bb]  PSVirtualSpace::expand_by(unsigned long)+0x5b
V  [libjvm.so+0x8bd470]  PSYoungGen::resize_generation(unsigned long, unsigned long)+0xb0
V  [libjvm.so+0x8bd78b]  PSYoungGen::resize(unsigned long, unsigned long)+0x1b
V  [libjvm.so+0x8b9e9c]  PSScavenge::invoke_no_policy()+0xddc
V  [libjvm.so+0x8ba678]  PSScavenge::invoke()+0x38
V  [libjvm.so+0x870613]  ParallelScavengeHeap::failed_mem_allocate(unsigned long)+0x63
V  [libjvm.so+0x9e8164]  VM_ParallelGCFailedAllocation::doit()+0x84
V  [libjvm.so+0x9ec507]  VM_Operation::evaluate()+0x47
V  [libjvm.so+0x9eafc8]  VMThread::evaluate_operation(VM_Operation*)+0x2c8
V  [libjvm.so+0x9eb449]  VMThread::loop()+0x219
V  [libjvm.so+0x9eb892]  VMThread::run()+0x72
V  [libjvm.so+0x84aa62]  java_start(Thread*)+0xf2

VM_Operation (0x00007f822060a850): ParallelGCFailedAllocation, mode: safepoint, requested by thread 0x00007f821800a000


---------------  P R O C E S S  ---------------

Java Threads: ( => current thread )
  0x00007f8218a05800 JavaThread "resolver-2" daemon [_thread_blocked, id=8475, stack(0x00007f81fbbfe000,0x00007f81fbcff000)]
  0x00007f8218a04800 JavaThread "resolver-1" daemon [_thread_blocked, id=8474, stack(0x00007f81fbcff000,0x00007f81fbe00000)]
  0x00007f82180b3800 JavaThread "Service Thread" daemon [_thread_blocked, id=8471, stack(0x00007f8200c4a000,0x00007f8200d4b000)]
  0x00007f82180b0000 JavaThread "C1 CompilerThread2" daemon [_thread_blocked, id=8470, stack(0x00007f8200d4b000,0x00007f8200e4c000)]
  0x00007f82180ae800 JavaThread "C2 CompilerThread1" daemon [_thread_blocked, id=8469, stack(0x00007f8200e4c000,0x00007f8200f4d000)]
  0x00007f82180ab800 JavaThread "C2 CompilerThread0" daemon [_thread_blocked, id=8468, stack(0x00007f8200f4d000,0x00007f820104e000)]
  0x00007f82180a9800 JavaThread "Signal Dispatcher" daemon [_thread_blocked, id=8467, stack(0x00007f820104e000,0x00007f820114f000)]
  0x00007f821807f000 JavaThread "Finalizer" daemon [_thread_blocked, id=8465, stack(0x00007f8201836000,0x00007f8201937000)]
  0x00007f821807c800 JavaThread "Reference Handler" daemon [_thread_blocked, id=8464, stack(0x00007f8201937000,0x00007f8201a38000)]
  0x00007f821800a000 JavaThread "main" [_thread_blocked, id=8458, stack(0x00007f822050e000,0x00007f822060f000)]

Other Threads:
=>0x00007f8218077800 VMThread [stack: 0x00007f8201a38000,0x00007f8201b39000] [id=8463]
  0x00007f82180d2000 WatcherThread [stack: 0x00007f8200b49000,0x00007f8200c4a000] [id=8472]

VM state:at safepoint (normal execution)

VM Mutex/Monitor currently owned by a thread:  ([mutex/lock_event])
[0x00007f8218006790] Threads_lock - owner thread: 0x00007f8218077800
[0x00007f8218006c90] Heap_lock - owner thread: 0x00007f821800a000

Heap:
 PSYoungGen      total 68096K, used 6656K [0x00000000ec300000, 0x00000000f0c00000, 0x0000000100000000)
  eden space 61440K, 0% used [0x00000000ec300000,0x00000000ec300000,0x00000000eff00000)
  from space 6656K, 100% used [0x00000000eff00000,0x00000000f0580000,0x00000000f0580000)
  to   space 6656K, 0% used [0x00000000f0580000,0x00000000f0580000,0x00000000f0c00000)
 ParOldGen       total 40960K, used 10054K [0x00000000c4800000, 0x00000000c7000000, 0x00000000ec300000)
  object space 40960K, 24% used [0x00000000c4800000,0x00000000c51d1b68,0x00000000c7000000)
 Metaspace       used 16422K, capacity 16936K, committed 17280K, reserved 1064960K
  class space    used 1887K, capacity 2065K, committed 2176K, reserved 1048576K

Card table byte_map: [0x00007f821cae6000,0x00007f821ccc3000] byte_map_base: 0x00007f821c4c2000

Marking Bits: (ParMarkBitMap*) 0x00007f821f7e8e60
 Begin Bits: [0x00007f8202240000, 0x00007f8203120000)
 End Bits:   [0x00007f8203120000, 0x00007f8204000000)

Polling page: 0x00007f8220632000

CodeCache: size=245760Kb used=10571Kb max_used=10583Kb free=235188Kb
 bounds [0x00007f8209000000, 0x00007f8209a60000, 0x00007f8218000000]
 total_blobs=3421 nmethods=3087 adapters=248
 compilation: enabled

Compilation events (10 events):
Event: 6,122 Thread 0x00007f82180b0000 nmethod 3085 0x00007f8209a54e10 code [0x00007f8209a54f60, 0x00007f8209a550d0]
Event: 6,122 Thread 0x00007f82180b0000 3086       1       org.apache.maven.model.ReportSet::getId (5 bytes)
Event: 6,123 Thread 0x00007f82180b0000 nmethod 3086 0x00007f8209a48dd0 code [0x00007f8209a48f20, 0x00007f8209a49030]
Event: 6,129 Thread 0x00007f82180b0000 3089       3       org.apache.maven.model.Scm::setLocation (35 bytes)
Event: 6,130 Thread 0x00007f82180b0000 nmethod 3089 0x00007f8209a5a6d0 code [0x00007f8209a5a860, 0x00007f8209a5ad08]
Event: 6,131 Thread 0x00007f82180ab800 nmethod 3062 0x00007f8209a5a2d0 code [0x00007f8209a5a420, 0x00007f8209a5a618]
Event: 6,131 Thread 0x00007f82180ab800 3087       4       org.apache.maven.model.io.xpp3.MavenXpp3ReaderEx::nextTag (64 bytes)
Event: 6,132 Thread 0x00007f82180b0000 3090       3       org.apache.maven.model.merge.ModelMerger::mergeBuildBase_TestResources (191 bytes)
Event: 6,133 Thread 0x00007f82180ab800 nmethod 3087 0x00007f8209a59ed0 code [0x00007f8209a5a040, 0x00007f8209a5a158]
Event: 6,133 Thread 0x00007f82180ab800 3095   !   4       com.google.inject.internal.InjectorImpl$2::get (56 bytes)

GC Heap History (10 events):
Event: 1,216 GC heap after
Heap after GC invocations=2 (full 0):
 PSYoungGen      total 17920K, used 2535K [0x00000000ec300000, 0x00000000ed700000, 0x0000000100000000)
  eden space 15360K, 0% used [0x00000000ec300000,0x00000000ec300000,0x00000000ed200000)
  from space 2560K, 99% used [0x00000000ed480000,0x00000000ed6f9ce0,0x00000000ed700000)
  to   space 2560K, 0% used [0x00000000ed200000,0x00000000ed200000,0x00000000ed480000)
 ParOldGen       total 40960K, used 385K [0x00000000c4800000, 0x00000000c7000000, 0x00000000ec300000)
  object space 40960K, 0% used [0x00000000c4800000,0x00000000c4860720,0x00000000c7000000)
 Metaspace       used 7581K, capacity 7768K, committed 7936K, reserved 1056768K
  class space    used 907K, capacity 956K, committed 1024K, reserved 1048576K
}
Event: 1,469 GC heap before
{Heap before GC invocations=3 (full 0):
 PSYoungGen      total 17920K, used 17895K [0x00000000ec300000, 0x00000000ed700000, 0x0000000100000000)
  eden space 15360K, 100% used [0x00000000ec300000,0x00000000ed200000,0x00000000ed200000)
  from space 2560K, 99% used [0x00000000ed480000,0x00000000ed6f9ce0,0x00000000ed700000)
  to   space 2560K, 0% used [0x00000000ed200000,0x00000000ed200000,0x00000000ed480000)
 ParOldGen       total 40960K, used 385K [0x00000000c4800000, 0x00000000c7000000, 0x00000000ec300000)
  object space 40960K, 0% used [0x00000000c4800000,0x00000000c4860720,0x00000000c7000000)
 Metaspace       used 8532K, capacity 8734K, committed 8832K, reserved 1056768K
  class space    used 1026K, capacity 1085K, committed 1152K, reserved 1048576K
Event: 1,475 GC heap after
Heap after GC invocations=3 (full 0):
 PSYoungGen      total 17920K, used 2551K [0x00000000ec300000, 0x00000000ee600000, 0x0000000100000000)
  eden space 15360K, 0% used [0x00000000ec300000,0x00000000ec300000,0x00000000ed200000)
  from space 2560K, 99% used [0x00000000ed200000,0x00000000ed47dde8,0x00000000ed480000)
  to   space 2560K, 0% used [0x00000000ee380000,0x00000000ee380000,0x00000000ee600000)
 ParOldGen       total 40960K, used 1059K [0x00000000c4800000, 0x00000000c7000000, 0x00000000ec300000)
  object space 40960K, 2% used [0x00000000c4800000,0x00000000c4908d18,0x00000000c7000000)
 Metaspace       used 8532K, capacity 8734K, committed 8832K, reserved 1056768K
  class space    used 1026K, capacity 1085K, committed 1152K, reserved 1048576K
}
Event: 1,722 GC heap before
{Heap before GC invocations=4 (full 0):
 PSYoungGen      total 17920K, used 17911K [0x00000000ec300000, 0x00000000ee600000, 0x0000000100000000)
  eden space 15360K, 100% used [0x00000000ec300000,0x00000000ed200000,0x00000000ed200000)
  from space 2560K, 99% used [0x00000000ed200000,0x00000000ed47dde8,0x00000000ed480000)
  to   space 2560K, 0% used [0x00000000ee380000,0x00000000ee380000,0x00000000ee600000)
 ParOldGen       total 40960K, used 1059K [0x00000000c4800000, 0x00000000c7000000, 0x00000000ec300000)
  object space 40960K, 2% used [0x00000000c4800000,0x00000000c4908d18,0x00000000c7000000)
 Metaspace       used 10454K, capacity 10682K, committed 10880K, reserved 1058816K
  class space    used 1261K, capacity 1351K, committed 1408K, reserved 1048576K
Event: 1,729 GC heap after
Heap after GC invocations=4 (full 0):
 PSYoungGen      total 33280K, used 2544K [0x00000000ec300000, 0x00000000ee600000, 0x0000000100000000)
  eden space 30720K, 0% used [0x00000000ec300000,0x00000000ec300000,0x00000000ee100000)
  from space 2560K, 99% used [0x00000000ee380000,0x00000000ee5fc010,0x00000000ee600000)
  to   space 2560K, 0% used [0x00000000ee100000,0x00000000ee100000,0x00000000ee380000)
 ParOldGen       total 40960K, used 2816K [0x00000000c4800000, 0x00000000c7000000, 0x00000000ec300000)
  object space 40960K, 6% used [0x00000000c4800000,0x00000000c4ac01a8,0x00000000c7000000)
 Metaspace       used 10454K, capacity 10682K, committed 10880K, reserved 1058816K
  class space    used 1261K, capacity 1351K, committed 1408K, reserved 1048576K
}
Event: 2,921 GC heap before
{Heap before GC invocations=5 (full 0):
 PSYoungGen      total 33280K, used 33264K [0x00000000ec300000, 0x00000000ee600000, 0x0000000100000000)
  eden space 30720K, 100% used [0x00000000ec300000,0x00000000ee100000,0x00000000ee100000)
  from space 2560K, 99% used [0x00000000ee380000,0x00000000ee5fc010,0x00000000ee600000)
  to   space 2560K, 0% used [0x00000000ee100000,0x00000000ee100000,0x00000000ee380000)
 ParOldGen       total 40960K, used 2816K [0x00000000c4800000, 0x00000000c7000000, 0x00000000ec300000)
  object space 40960K, 6% used [0x00000000c4800000,0x00000000c4ac01a8,0x00000000c7000000)
 Metaspace       used 14145K, capacity 14368K, committed 14592K, reserved 1062912K
  class space    used 1702K, capacity 1778K, committed 1792K, reserved 1048576K
Event: 2,933 GC heap after
Heap after GC invocations=5 (full 0):
 PSYoungGen      total 33280K, used 2560K [0x00000000ec300000, 0x00000000f0c00000, 0x0000000100000000)
  eden space 30720K, 0% used [0x00000000ec300000,0x00000000ec300000,0x00000000ee100000)
  from space 2560K, 100% used [0x00000000ee100000,0x00000000ee380000,0x00000000ee380000)
  to   space 6656K, 0% used [0x00000000f0580000,0x00000000f0580000,0x00000000f0c00000)
 ParOldGen       total 40960K, used 7262K [0x00000000c4800000, 0x00000000c7000000, 0x00000000ec300000)
  object space 40960K, 17% used [0x00000000c4800000,0x00000000c4f17830,0x00000000c7000000)
 Metaspace       used 14145K, capacity 14368K, committed 14592K, reserved 1062912K
  class space    used 1702K, capacity 1778K, committed 1792K, reserved 1048576K
}
Event: 3,750 GC heap before
{Heap before GC invocations=6 (full 0):
 PSYoungGen      total 33280K, used 33280K [0x00000000ec300000, 0x00000000f0c00000, 0x0000000100000000)
  eden space 30720K, 100% used [0x00000000ec300000,0x00000000ee100000,0x00000000ee100000)
  from space 2560K, 100% used [0x00000000ee100000,0x00000000ee380000,0x00000000ee380000)
  to   space 6656K, 0% used [0x00000000f0580000,0x00000000f0580000,0x00000000f0c00000)
 ParOldGen       total 40960K, used 7262K [0x00000000c4800000, 0x00000000c7000000, 0x00000000ec300000)
  object space 40960K, 17% used [0x00000000c4800000,0x00000000c4f17830,0x00000000c7000000)
 Metaspace       used 14573K, capacity 14856K, committed 14976K, reserved 1062912K
  class space    used 1729K, capacity 1822K, committed 1920K, reserved 1048576K
Event: 3,768 GC heap after
Heap after GC invocations=6 (full 0):
 PSYoungGen      total 68096K, used 4721K [0x00000000ec300000, 0x00000000f0c00000, 0x0000000100000000)
  eden space 61440K, 0% used [0x00000000ec300000,0x00000000ec300000,0x00000000eff00000)
  from space 6656K, 70% used [0x00000000f0580000,0x00000000f0a1c448,0x00000000f0c00000)
  to   space 6656K, 0% used [0x00000000eff00000,0x00000000eff00000,0x00000000f0580000)
 ParOldGen       total 40960K, used 7270K [0x00000000c4800000, 0x00000000c7000000, 0x00000000ec300000)
  object space 40960K, 17% used [0x00000000c4800000,0x00000000c4f19830,0x00000000c7000000)
 Metaspace       used 14573K, capacity 14856K, committed 14976K, reserved 1062912K
  class space    used 1729K, capacity 1822K, committed 1920K, reserved 1048576K
}
Event: 6,142 GC heap before
{Heap before GC invocations=7 (full 0):
 PSYoungGen      total 68096K, used 66161K [0x00000000ec300000, 0x00000000f0c00000, 0x0000000100000000)
  eden space 61440K, 100% used [0x00000000ec300000,0x00000000eff00000,0x00000000eff00000)
  from space 6656K, 70% used [0x00000000f0580000,0x00000000f0a1c448,0x00000000f0c00000)
  to   space 6656K, 0% used [0x00000000eff00000,0x00000000eff00000,0x00000000f0580000)
 ParOldGen       total 40960K, used 7270K [0x00000000c4800000, 0x00000000c7000000, 0x00000000ec300000)
  object space 40960K, 17% used [0x00000000c4800000,0x00000000c4f19830,0x00000000c7000000)
 Metaspace       used 16422K, capacity 16936K, committed 17280K, reserved 1064960K
  class space    used 1887K, capacity 2065K, committed 2176K, reserved 1048576K

Deoptimization events (10 events):
Event: 4,459 Thread 0x00007f821800a000 Uncommon trap: reason=bimorphic action=maybe_recompile pc=0x00007f8209617d44 method=java.util.concurrent.ConcurrentHashMap.get(Ljava/lang/Object;)Ljava/lang/Object; @ 149
Event: 4,504 Thread 0x00007f821800a000 Uncommon trap: reason=unstable_if action=reinterpret pc=0x00007f820977bfe0 method=org.eclipse.sisu.plexus.RealmFilteredBeans$FilteredItr.hasNext()Z @ 44
Event: 4,667 Thread 0x00007f821800a000 Uncommon trap: reason=unstable_if action=reinterpret pc=0x00007f820939d664 method=java.util.concurrent.ConcurrentHashMap.putVal(Ljava/lang/Object;Ljava/lang/Object;Z)Ljava/lang/Object; @ 206
Event: 4,673 Thread 0x00007f821800a000 Uncommon trap: reason=bimorphic action=maybe_recompile pc=0x00007f8209617d44 method=java.util.concurrent.ConcurrentHashMap.get(Ljava/lang/Object;)Ljava/lang/Object; @ 149
Event: 4,792 Thread 0x00007f821800a000 Uncommon trap: reason=bimorphic action=maybe_recompile pc=0x00007f8209617d44 method=java.util.concurrent.ConcurrentHashMap.get(Ljava/lang/Object;)Ljava/lang/Object; @ 149
Event: 5,685 Thread 0x00007f821800a000 Uncommon trap: reason=unstable_if action=reinterpret pc=0x00007f820999cf00 method=java.lang.StringCoding.encode(Ljava/lang/String;[CII)[B @ 38
Event: 5,766 Thread 0x00007f821800a000 Uncommon trap: reason=unstable_if action=reinterpret pc=0x00007f82099ad110 method=org.codehaus.plexus.classworlds.realm.Entry.matches(Ljava/lang/String;)Z @ 20
Event: 5,804 Thread 0x00007f821800a000 Uncommon trap: reason=unstable_if action=reinterpret pc=0x00007f8209727860 method=java.util.IdentityHashMap.get(Ljava/lang/Object;)Ljava/lang/Object; @ 43
Event: 5,851 Thread 0x00007f821800a000 Uncommon trap: reason=unstable_if action=reinterpret pc=0x00007f820977857c method=org.apache.maven.model.ConfigurationContainer.getLocation(Ljava/lang/Object;)Lorg/apache/maven/model/InputLocation; @ 4
Event: 5,937 Thread 0x00007f821800a000 Uncommon trap: reason=null_check action=make_not_entrant pc=0x00007f8209a164e8 method=org.apache.maven.model.io.xpp3.MavenXpp3ReaderEx.checkFieldWithDuplicate(Lorg/codehaus/plexus/util/xml/pull/XmlPullParser;Ljava/lang/String;Ljava/lang/String;Ljava/util/

Internal exceptions (10 events):
Event: 2,292 Thread 0x00007f821800a000 Exception <a 'java/lang/NullPointerException'> (0x00000000ed7e9178) thrown at [/build/buildd/openjdk-8-8u45-b14/src/hotspot/src/share/vm/interpreter/linkResolver.cpp, line 1178]
Event: 2,292 Thread 0x00007f821800a000 Exception <a 'java/lang/NullPointerException'> (0x00000000ed7e9338) thrown at [/build/buildd/openjdk-8-8u45-b14/src/hotspot/src/share/vm/interpreter/linkResolver.cpp, line 1178]
Event: 2,292 Thread 0x00007f821800a000 Exception <a 'java/lang/NullPointerException'> (0x00000000ed7e94f8) thrown at [/build/buildd/openjdk-8-8u45-b14/src/hotspot/src/share/vm/interpreter/linkResolver.cpp, line 1178]
Event: 2,293 Thread 0x00007f821800a000 Exception <a 'java/lang/NullPointerException'> (0x00000000ed803ce0) thrown at [/build/buildd/openjdk-8-8u45-b14/src/hotspot/src/share/vm/interpreter/linkResolver.cpp, line 1178]
Event: 2,293 Thread 0x00007f821800a000 Exception <a 'java/lang/NullPointerException'> (0x00000000ed803ea0) thrown at [/build/buildd/openjdk-8-8u45-b14/src/hotspot/src/share/vm/interpreter/linkResolver.cpp, line 1178]
Event: 2,293 Thread 0x00007f821800a000 Exception <a 'java/lang/NullPointerException'> (0x00000000ed804060) thrown at [/build/buildd/openjdk-8-8u45-b14/src/hotspot/src/share/vm/interpreter/linkResolver.cpp, line 1178]
Event: 2,861 Thread 0x00007f821800a000 Implicit null exception at 0x00007f82093b22b5 to 0x00007f82093b2499
Event: 2,862 Thread 0x00007f821800a000 Implicit null exception at 0x00007f820934bbef to 0x00007f820934bc59
Event: 3,017 Thread 0x00007f821800a000 Implicit null exception at 0x00007f82095f1379 to 0x00007f82095f1d4d
Event: 5,933 Thread 0x00007f821800a000 Implicit null exception at 0x00007f8209a159c1 to 0x00007f8209a164cd

Events (10 events):
Event: 6,041 loading class org/apache/maven/surefire/booter/JdkReflector done
Event: 6,044 loading class org/apache/maven/surefire/util/ReflectionUtils
Event: 6,044 loading class org/apache/maven/surefire/util/ReflectionUtils done
Event: 6,044 loading class org/apache/maven/surefire/util/ReflectionUtils
Event: 6,044 loading class org/apache/maven/surefire/util/ReflectionUtils done
Event: 6,045 loading class org/apache/maven/surefire/util/SurefireReflectionException
Event: 6,045 loading class org/apache/maven/surefire/util/SurefireReflectionException done
Event: 6,045 loading class org/apache/maven/surefire/util/SurefireReflectionException
Event: 6,045 loading class org/apache/maven/surefire/util/SurefireReflectionException done
Event: 6,135 Executing VM operation: ParallelGCFailedAllocation


Dynamic libraries:
00400000-00401000 r-xp 00000000 08:05 1317836                            /usr/lib/jvm/java-8-openjdk-amd64/jre/bin/java
00600000-00601000 r--p 00000000 08:05 1317836                            /usr/lib/jvm/java-8-openjdk-amd64/jre/bin/java
00601000-00602000 rw-p 00001000 08:05 1317836                            /usr/lib/jvm/java-8-openjdk-amd64/jre/bin/java
00d30000-00d51000 rw-p 00000000 00:00 0                                  [heap]
c4800000-c7000000 rw-p 00000000 00:00 0 
c7000000-ec300000 ---p 00000000 00:00 0 
ec300000-f0c00000 rw-p 00000000 00:00 0 
f4d00000-100000000 ---p 00000000 00:00 0 
100000000-100220000 rw-p 00000000 00:00 0 
100220000-140000000 ---p 00000000 00:00 0 
7f81c4000000-7f81c4021000 rw-p 00000000 00:00 0 
7f81c4021000-7f81c8000000 ---p 00000000 00:00 0 
7f81c8000000-7f81c8021000 rw-p 00000000 00:00 0 
7f81c8021000-7f81cc000000 ---p 00000000 00:00 0 
7f81cc000000-7f81cc021000 rw-p 00000000 00:00 0 
7f81cc021000-7f81d0000000 ---p 00000000 00:00 0 
7f81d0000000-7f81d0021000 rw-p 00000000 00:00 0 
7f81d0021000-7f81d4000000 ---p 00000000 00:00 0 
7f81d4000000-7f81d5624000 rw-p 00000000 00:00 0 
7f81d5624000-7f81d8000000 ---p 00000000 00:00 0 
7f81d8000000-7f81d9019000 rw-p 00000000 00:00 0 
7f81d9019000-7f81dc000000 ---p 00000000 00:00 0 
7f81dc000000-7f81dc021000 rw-p 00000000 00:00 0 
7f81dc021000-7f81e0000000 ---p 00000000 00:00 0 
7f81e0000000-7f81e0ed8000 rw-p 00000000 00:00 0 
7f81e0ed8000-7f81e4000000 ---p 00000000 00:00 0 
7f81e4000000-7f81e4021000 rw-p 00000000 00:00 0 
7f81e4021000-7f81e8000000 ---p 00000000 00:00 0 
7f81e8000000-7f81e8021000 rw-p 00000000 00:00 0 
7f81e8021000-7f81ec000000 ---p 00000000 00:00 0 
7f81ec000000-7f81ec021000 rw-p 00000000 00:00 0 
7f81ec021000-7f81f0000000 ---p 00000000 00:00 0 
7f81f0000000-7f81f0289000 rw-p 00000000 00:00 0 
7f81f0289000-7f81f4000000 ---p 00000000 00:00 0 
7f81f4000000-7f81f4021000 rw-p 00000000 00:00 0 
7f81f4021000-7f81f8000000 ---p 00000000 00:00 0 
7f81fbbfe000-7f81fbc01000 ---p 00000000 00:00 0 
7f81fbc01000-7f81fbcff000 rw-p 00000000 00:00 0                          [stack:8475]
7f81fbcff000-7f81fbd02000 ---p 00000000 00:00 0 
7f81fbd02000-7f81fbec0000 rw-p 00000000 00:00 0                          [stack:8474]
7f81fbec0000-7f81fc000000 ---p 00000000 00:00 0 
7f81fc000000-7f81fc021000 rw-p 00000000 00:00 0 
7f81fc021000-7f8200000000 ---p 00000000 00:00 0 
7f8200099000-7f820009a000 rw-p 00000000 00:00 0 
7f820009a000-7f82000a1000 r--s 00000000 08:05 663709                     /usr/lib/x86_64-linux-gnu/gconv/gconv-modules.cache
7f82000a1000-7f82000c7000 r--p 00000000 08:05 797697                     /usr/share/locale-langpack/fr/LC_MESSAGES/libc.mo
7f82000c7000-7f82000c9000 r--s 00002000 00:1b 1317643                    /home/quentin/.m2/repository/org/apache/maven/plugin-tools/maven-plugin-annotations/3.1/maven-plugin-annotations-3.1.jar
7f82000c9000-7f82000ca000 r--s 00002000 00:1b 1317639                    /home/quentin/.m2/repository/org/apache/maven/reporting/maven-reporting-api/2.0.9/maven-reporting-api-2.0.9.jar
7f82000ca000-7f82000ce000 r--s 00035000 00:1b 929098                     /home/quentin/.m2/repository/org/codehaus/plexus/plexus-utils/3.0.8/plexus-utils-3.0.8.jar
7f82000ce000-7f82000d0000 r--s 00006000 00:1b 1317637                    /home/quentin/.m2/repository/org/apache/maven/shared/maven-common-artifact-filters/1.3/maven-common-artifact-filters-1.3.jar
7f82000d0000-7f82000d6000 r--s 00048000 00:1b 1316110                    /home/quentin/.m2/repository/org/apache/commons/commons-lang3/3.1/commons-lang3-3.1.jar
7f82000d6000-7f82000db000 r--s 0003c000 00:1b 1316108                    /home/quentin/.m2/repository/org/apache/maven/surefire/maven-surefire-common/2.12.4/maven-surefire-common-2.12.4.jar
7f82000db000-7f82000df000 r--s 00019000 00:1b 1316106                    /home/quentin/.m2/repository/org/apache/maven/surefire/surefire-api/2.12.4/surefire-api-2.12.4.jar
7f82000df000-7f82000e1000 r--s 00007000 00:1b 1316104                    /home/quentin/.m2/repository/org/apache/maven/surefire/surefire-booter/2.12.4/surefire-booter-2.12.4.jar
7f82000e1000-7f82000e2000 r--s 00007000 00:1b 928246                     /home/quentin/.m2/repository/org/apache/maven/plugins/maven-surefire-plugin/2.12.4/maven-surefire-plugin-2.12.4.jar
7f82000e2000-7f82000e3000 r--s 00003000 00:1b 928531                     /home/quentin/.m2/repository/org/codehaus/plexus/plexus-compiler-javac/1.9.1/plexus-compiler-javac-1.9.1.jar
7f82000e3000-7f82000e5000 r--s 00000000 00:1b 928529                     /home/quentin/.m2/repository/org/codehaus/plexus/plexus-compiler-manager/1.9.1/plexus-compiler-manager-1.9.1.jar
7f82000e5000-7f82000e7000 r--s 00004000 00:1b 928527                     /home/quentin/.m2/repository/org/codehaus/plexus/plexus-compiler-api/1.9.1/plexus-compiler-api-1.9.1.jar
7f82000e7000-7f82000eb000 r--s 00034000 00:1b 928404                     /home/quentin/.m2/repository/org/codehaus/plexus/plexus-utils/3.0/plexus-utils-3.0.jar
7f82000eb000-7f82000ec000 r--s 00007000 00:1b 928000                     /home/quentin/.m2/repository/org/apache/maven/plugins/maven-compiler-plugin/2.5.1/maven-compiler-plugin-2.5.1.jar
7f82000ec000-7f82000ee000 r--s 0000d000 00:1b 928313                     /home/quentin/.m2/repository/org/codehaus/plexus/plexus-interpolation/1.13/plexus-interpolation-1.13.jar
7f82000ee000-7f82000f0000 r--s 00009000 00:1b 928309                     /home/quentin/.m2/repository/org/apache/maven/shared/maven-filtering/1.1/maven-filtering-1.1.jar
7f82000f0000-7f82000f4000 r--s 00033000 00:1b 928307                     /home/quentin/.m2/repository/org/codehaus/plexus/plexus-utils/2.0.5/plexus-utils-2.0.5.jar
7f82000f4000-7f8200105000 r-xp 00000000 08:05 1317803                    /usr/lib/jvm/java-8-openjdk-amd64/jre/lib/amd64/libnio.so
7f8200105000-7f8200304000 ---p 00011000 08:05 1317803                    /usr/lib/jvm/java-8-openjdk-amd64/jre/lib/amd64/libnio.so
7f8200304000-7f8200305000 r--p 00010000 08:05 1317803                    /usr/lib/jvm/java-8-openjdk-amd64/jre/lib/amd64/libnio.so
7f8200305000-7f8200306000 rw-p 00011000 08:05 1317803                    /usr/lib/jvm/java-8-openjdk-amd64/jre/lib/amd64/libnio.so
7f8200306000-7f820031c000 r-xp 00000000 08:05 1317807                    /usr/lib/jvm/java-8-openjdk-amd64/jre/lib/amd64/libnet.so
7f820031c000-7f820051c000 ---p 00016000 08:05 1317807                    /usr/lib/jvm/java-8-openjdk-amd64/jre/lib/amd64/libnet.so
7f820051c000-7f820051d000 r--p 00016000 08:05 1317807                    /usr/lib/jvm/java-8-openjdk-amd64/jre/lib/amd64/libnet.so
7f820051d000-7f820051e000 rw-p 00017000 08:05 1317807                    /usr/lib/jvm/java-8-openjdk-amd64/jre/lib/amd64/libnet.so
7f820051e000-7f820071e000 rw-p 00000000 00:00 0 
7f820071e000-7f820091e000 rw-p 00000000 00:00 0 
7f820091e000-7f8200b1e000 rw-p 00000000 00:00 0 
7f8200b1e000-7f8200b49000 r--s 001fc000 00:1b 1210303                    /home/quentin/Téléchargements/eclipse/plugins/org.eclipse.m2e.maven.runtime_1.6.0.20150526-2031/jars/guava-18.0.jar
7f8200b49000-7f8200b4a000 ---p 00000000 00:00 0 
7f8200b4a000-7f8200c4a000 rw-p 00000000 00:00 0                          [stack:8472]
7f8200c4a000-7f8200c4d000 ---p 00000000 00:00 0 
7f8200c4d000-7f8200d4b000 rw-p 00000000 00:00 0                          [stack:8471]
7f8200d4b000-7f8200d4e000 ---p 00000000 00:00 0 
7f8200d4e000-7f8200e4c000 rw-p 00000000 00:00 0                          [stack:8470]
7f8200e4c000-7f8200e4f000 ---p 00000000 00:00 0 
7f8200e4f000-7f8200f4d000 rw-p 00000000 00:00 0                          [stack:8469]
7f8200f4d000-7f8200f50000 ---p 00000000 00:00 0 
7f8200f50000-7f820104e000 rw-p 00000000 00:00 0                          [stack:8468]
7f820104e000-7f8201051000 ---p 00000000 00:00 0 
7f8201051000-7f820114f000 rw-p 00000000 00:00 0                          [stack:8467]
7f820114f000-7f8201836000 r--p 00000000 08:05 269941                     /usr/lib/locale/locale-archive
7f8201836000-7f8201839000 ---p 00000000 00:00 0 
7f8201839000-7f8201937000 rw-p 00000000 00:00 0                          [stack:8465]
7f8201937000-7f820193a000 ---p 00000000 00:00 0 
7f820193a000-7f8201a38000 rw-p 00000000 00:00 0                          [stack:8464]
7f8201a38000-7f8201a39000 ---p 00000000 00:00 0 
7f8201a39000-7f8204000000 rw-p 00000000 00:00 0                          [stack:8463]
7f8204000000-7f8204021000 rw-p 00000000 00:00 0 
7f8204021000-7f8208000000 ---p 00000000 00:00 0 
7f8208000000-7f8208001000 r--s 00001000 00:1b 928311                     /home/quentin/.m2/repository/org/sonatype/plexus/plexus-build-api/0.0.4/plexus-build-api-0.0.4.jar
7f8208001000-7f8208004000 r--s 0001b000 00:1b 928305                     /home/quentin/.m2/repository/junit/junit/3.8.1/junit-3.8.1.jar
7f8208004000-7f8208006000 r--s 00002000 00:1b 928291                     /home/quentin/.m2/repository/org/codehaus/plexus/plexus-interactivity-api/1.0-alpha-4/plexus-interactivity-api-1.0-alpha-4.jar
7f8208006000-7f8208008000 r--s 00006000 00:1b 928287                     /home/quentin/.m2/repository/commons-cli/commons-cli/1.0/commons-cli-1.0.jar
7f8208008000-7f8208009000 r--s 00001000 00:1b 928281                     /home/quentin/.m2/repository/org/apache/maven/doxia/doxia-sink-api/1.0-alpha-7/doxia-sink-api-1.0-alpha-7.jar
7f8208009000-7f820800a000 r--s 00002000 00:1b 928279                     /home/quentin/.m2/repository/org/apache/maven/reporting/maven-reporting-api/2.0.6/maven-reporting-api-2.0.6.jar
7f820800a000-7f820800c000 r--s 00006000 00:1b 927986                     /home/quentin/.m2/repository/org/apache/maven/plugins/maven-resources-plugin/2.6/maven-resources-plugin-2.6.jar
7f820800c000-7f8208011000 r--s 00094000 08:05 1317791                    /usr/lib/jvm/java-8-openjdk-amd64/jre/lib/jsse.jar
7f8208011000-7f8208012000 r--s 00002000 00:1b 1211398                    /home/quentin/Téléchargements/eclipse/plugins/org.eclipse.m2e.maven.runtime.slf4j.simple_1.6.0.20150526-2031/jars/slf4j-simple-1.7.5.jar
7f8208012000-7f8208017000 r--s 00041000 00:1b 1210297                    /home/quentin/Téléchargements/eclipse/plugins/org.eclipse.m2e.maven.runtime_1.6.0.20150526-2031/jars/commons-lang-2.6.jar
7f8208017000-7f8208018000 r--s 00002000 00:1b 1210319                    /home/quentin/Téléchargements/eclipse/plugins/org.eclipse.m2e.maven.runtime_1.6.0.20150526-2031/jars/wagon-file-2.9.jar
7f8208018000-7f820801a000 r--s 00005000 00:1b 1210309                    /home/quentin/Téléchargements/eclipse/plugins/org.eclipse.m2e.maven.runtime_1.6.0.20150526-2031/jars/aether-transport-wagon-1.0.2.v20150114.jar
7f820801a000-7f820801b000 r--s 00008000 00:1b 1210287                    /home/quentin/Téléchargements/eclipse/plugins/org.eclipse.m2e.maven.runtime_1.6.0.20150526-2031/jars/aether-connector-basic-1.0.2.v20150114.jar
7f820801b000-7f820801d000 r--s 0000e000 00:1b 1210289                    /home/quentin/Téléchargements/eclipse/plugins/org.eclipse.m2e.maven.runtime_1.6.0.20150526-2031/jars/okio-1.3.0.jar
7f820801d000-7f8208022000 r--s 00043000 00:1b 1210296                    /home/quentin/Téléchargements/eclipse/plugins/org.eclipse.m2e.maven.runtime_1.6.0.20150526-2031/jars/okhttp-2.3.0.jar
7f8208022000-7f8208024000 r--s 0000a000 00:1b 1210311                    /home/quentin/Téléchargements/eclipse/plugins/org.eclipse.m2e.maven.runtime_1.6.0.20150526-2031/jars/aether-connector-okhttp-0.15.0.jar
7f8208024000-7f8208026000 r--s 00006000 00:1b 1210291                    /home/quentin/Téléchargements/eclipse/plugins/org.eclipse.m2e.maven.runtime_1.6.0.20150526-2031/jars/aether-spi-1.0.2.v20150114.jar
7f8208026000-7f820802a000 r--s 00027000 00:1b 1210305                    /home/quentin/Téléchargements/eclipse/plugins/org.eclipse.m2e.maven.runtime_1.6.0.20150526-2031/jars/aether-impl-1.0.2.v20150114.jar
7f820802a000-7f8208033000 r--s 00059000 00:1b 1210299                    /home/quentin/Téléchargements/eclipse/plugins/org.eclipse.m2e.maven.runtime_1.6.0.20150526-2031/jars/sisu-guice-3.2.5-no_aop.jar
7f8208033000-7f820803a000 r--s 00055000 00:1b 1210301                    /home/quentin/Téléchargements/eclipse/plugins/org.eclipse.m2e.maven.runtime_1.6.0.20150526-2031/jars/org.eclipse.sisu.inject-0.3.0.jar
7f820803a000-7f820803b000 r--s 00001000 00:1b 1210295                    /home/quentin/Téléchargements/eclipse/plugins/org.eclipse.m2e.maven.runtime_1.6.0.20150526-2031/jars/jsr250-api-1.0.jar
7f820803b000-7f820803e000 r--s 00008000 00:1b 1210284                    /home/quentin/Téléchargements/eclipse/plugins/org.eclipse.m2e.maven.runtime_1.6.0.20150526-2031/jars/cdi-api-1.0.jar
7f820803e000-7f8208044000 r--s 0002d000 00:1b 1210286                    /home/quentin/Téléchargements/eclipse/plugins/org.eclipse.m2e.maven.runtime_1.6.0.20150526-2031/jars/org.eclipse.sisu.plexus-0.3.0.jar
7f8208044000-7f8208047000 r--s 0000b000 00:1b 1210283                    /home/quentin/Téléchargements/eclipse/plugins/org.eclipse.m2e.maven.runtime_1.6.0.20150526-2031/jars/wagon-provider-api-2.9.jar
7f8208047000-7f820804e000 r--s 00040000 00:1b 1210312                    /home/quentin/Téléchargements/eclipse/plugins/org.eclipse.m2e.maven.runtime_1.6.0.20150526-2031/jars/maven-compat-3.3.3.jar
7f820804e000-7f8208050000 r--s 00009000 00:1b 1210318                    /home/quentin/Téléchargements/eclipse/plugins/org.eclipse.m2e.maven.runtime_1.6.0.20150526-2031/jars/commons-cli-1.2.jar
7f8208050000-7f8208052000 r--s 00002000 00:1b 1210304                    /home/quentin/Téléchargements/eclipse/plugins/org.eclipse.m2e.maven.runtime_1.6.0.20150526-2031/jars/plexus-cipher-1.7.jar
7f8208052000-7f8208055000 r--s 00013000 00:1b 1210300                    /home/quentin/Téléchargements/eclipse/plugins/org.eclipse.m2e.maven.runtime_1.6.0.20150526-2031/jars/maven-embedder-3.3.3.jar
7f8208055000-7f8208056000 r--s 00006000 00:1b 1210313                    /home/quentin/Téléchargements/eclipse/plugins/org.eclipse.m2e.maven.runtime_1.6.0.20150526-2031/jars/plexus-sec-dispatcher-1.3.jar
7f8208056000-7f8208058000 r--s 00000000 00:1b 1210308                    /home/quentin/Téléchargements/eclipse/plugins/org.eclipse.m2e.maven.runtime_1.6.0.20150526-2031/jars/plexus-component-annotations-1.5.5.jar
7f8208058000-7f820805c000 r--s 00038000 00:1b 1210280                    /home/quentin/Téléchargements/eclipse/plugins/org.eclipse.m2e.maven.runtime_1.6.0.20150526-2031/jars/plexus-utils-3.0.20.jar
7f820805c000-7f820805f000 r--s 0000d000 00:1b 1210290                    /home/quentin/Téléchargements/eclipse/plugins/org.eclipse.m2e.maven.runtime_1.6.0.20150526-2031/jars/plexus-interpolation-1.21.jar
7f820805f000-7f8208063000 r--s 00020000 00:1b 1210302                    /home/quentin/Téléchargements/eclipse/plugins/org.eclipse.m2e.maven.runtime_1.6.0.20150526-2031/jars/aether-util-1.0.2.v20150114.jar
7f8208063000-7f8208068000 r--s 0001d000 00:1b 1210306                    /home/quentin/Téléchargements/eclipse/plugins/org.eclipse.m2e.maven.runtime_1.6.0.20150526-2031/jars/aether-api-1.0.2.v20150114.jar
7f8208068000-7f820806a000 r--s 0000f000 00:1b 1210294                    /home/quentin/Téléchargements/eclipse/plugins/org.eclipse.m2e.maven.runtime_1.6.0.20150526-2031/jars/maven-aether-provider-3.3.3.jar
7f820806a000-7f820806f000 r--s 00027000 00:1b 1210307                    /home/quentin/Téléchargements/eclipse/plugins/org.eclipse.m2e.maven.runtime_1.6.0.20150526-2031/jars/maven-model-builder-3.3.3.jar
7f820806f000-7f8208071000 r--s 0000a000 00:1b 1210298                    /home/quentin/Téléchargements/eclipse/plugins/org.eclipse.m2e.maven.runtime_1.6.0.20150526-2031/jars/maven-plugin-api-3.3.3.jar
7f8208071000-7f8208073000 r--s 0000c000 00:1b 1210292                    /home/quentin/Téléchargements/eclipse/plugins/org.eclipse.m2e.maven.runtime_1.6.0.20150526-2031/jars/maven-artifact-3.3.3.jar
7f8208073000-7f8208075000 r--s 00005000 00:1b 1210317                    /home/quentin/Téléchargements/eclipse/plugins/org.eclipse.m2e.maven.runtime_1.6.0.20150526-2031/jars/maven-repository-metadata-3.3.3.jar
7f8208075000-7f8208076000 r--s 00003000 00:1b 1210293                    /home/quentin/Téléchargements/eclipse/plugins/org.eclipse.m2e.maven.runtime_1.6.0.20150526-2031/jars/maven-builder-support-3.3.3.jar
7f8208076000-7f8208078000 r--s 00009000 00:1b 1210310                    /home/quentin/Téléchargements/eclipse/plugins/org.eclipse.m2e.maven.runtime_1.6.0.20150526-2031/jars/maven-settings-builder-3.3.3.jar
7f8208078000-7f820807a000 r--s 00009000 00:1b 1210282                    /home/quentin/Téléchargements/eclipse/plugins/org.eclipse.m2e.maven.runtime_1.6.0.20150526-2031/jars/maven-settings-3.3.3.jar
7f820807a000-7f820807d000 r--s 00025000 00:1b 1210316                    /home/quentin/Téléchargements/eclipse/plugins/org.eclipse.m2e.maven.runtime_1.6.0.20150526-2031/jars/maven-model-3.3.3.jar
7f820807d000-7f820808a000 r--s 0008e000 00:1b 1210281                    /home/quentin/Téléchargements/eclipse/plugins/org.eclipse.m2e.maven.runtime_1.6.0.20150526-2031/jars/maven-core-3.3.3.jar
7f820808a000-7f820808b000 r--s 00003000 00:1b 1210315                    /home/quentin/Téléchargements/eclipse/plugins/org.eclipse.m2e.maven.runtime_1.6.0.20150526-2031/jars/takari-filemanager-0.7.0.jar
7f820808b000-7f820808d000 r--s 00001000 00:1b 1210288                    /home/quentin/Téléchargements/eclipse/plugins/org.eclipse.m2e.maven.runtime_1.6.0.20150526-2031/jars/takari-local-repository-0.9.0.jar
7f820808d000-7f820808f000 r--s 0000b000 00:1b 1210285                    /home/quentin/Téléchargements/eclipse/plugins/org.eclipse.m2e.maven.runtime_1.6.0.20150526-2031/jars/plexus-classworlds-2.5.2.jar
7f820808f000-7f8208092000 r--s 00037000 08:05 1317774                    /usr/lib/jvm/java-8-openjdk-amd64/jre/lib/ext/sunpkcs11.jar
7f8208092000-7f82080ae000 r--s 00393000 08:05 1317778                    /usr/lib/jvm/java-8-openjdk-amd64/jre/lib/ext/cldrdata.jar
7f82080ae000-7f82080b1000 r--s 0000f000 08:05 1317773                    /usr/lib/jvm/java-8-openjdk-amd64/jre/lib/ext/icedtea-sound.jar
7f82080b1000-7f82080b3000 r--s 00001000 08:05 1317779                    /usr/lib/jvm/java-8-openjdk-amd64/jre/lib/ext/dnsns.jar
7f82080b3000-7f82080cd000 r--s 001d3000 08:05 1317776                    /usr/lib/jvm/java-8-openjdk-amd64/jre/lib/ext/nashorn.jar
7f82080cd000-7f82080d8000 r--s 00116000 08:05 1317781                    /usr/lib/jvm/java-8-openjdk-amd64/jre/lib/ext/localedata.jar
7f82080d8000-7f8209000000 rw-p 00000000 00:00 0 
7f8209000000-7f8209a60000 rwxp 00000000 00:00 0 
7f8209a60000-7f8218000000 ---p 00000000 00:00 0 
7f8218000000-7f8218a64000 rw-p 00000000 00:00 0 
7f8218a64000-7f821c000000 ---p 00000000 00:00 0 
7f821c000000-7f821c185000 rw-p 00000000 00:00 0 
7f821c185000-7f821c352000 r--s 03bd3000 08:05 1317770                    /usr/lib/jvm/java-8-openjdk-amd64/jre/lib/rt.jar
7f821c352000-7f821c5a4000 rw-p 00000000 00:00 0 
7f821c5a4000-7f821c5a5000 ---p 00000000 00:00 0 
7f821c5a5000-7f821c6a5000 rw-p 00000000 00:00 0                          [stack:8462]
7f821c6a5000-7f821c6a6000 ---p 00000000 00:00 0 
7f821c6a6000-7f821c7a6000 rw-p 00000000 00:00 0                          [stack:8461]
7f821c7a6000-7f821c7a7000 ---p 00000000 00:00 0 
7f821c7a7000-7f821c8a7000 rw-p 00000000 00:00 0                          [stack:8460]
7f821c8a7000-7f821c8a8000 ---p 00000000 00:00 0 
7f821c8a8000-7f821c9bc000 rw-p 00000000 00:00 0                          [stack:8459]
7f821c9bc000-7f821cae6000 ---p 00000000 00:00 0 
7f821cae6000-7f821cafa000 rw-p 00000000 00:00 0 
7f821cafa000-7f821cc23000 ---p 00000000 00:00 0 
7f821cc23000-7f821cc48000 rw-p 00000000 00:00 0 
7f821cc48000-7f821ccc2000 ---p 00000000 00:00 0 
7f821ccc2000-7f821cced000 rw-p 00000000 00:00 0 
7f821cced000-7f821d083000 ---p 00000000 00:00 0 
7f821d083000-7f821d08b000 r-xp 00000000 08:05 1317832                    /usr/lib/jvm/java-8-openjdk-amd64/jre/lib/amd64/libzip.so
7f821d08b000-7f821d28a000 ---p 00008000 08:05 1317832                    /usr/lib/jvm/java-8-openjdk-amd64/jre/lib/amd64/libzip.so
7f821d28a000-7f821d28b000 r--p 00007000 08:05 1317832                    /usr/lib/jvm/java-8-openjdk-amd64/jre/lib/amd64/libzip.so
7f821d28b000-7f821d28c000 rw-p 00008000 08:05 1317832                    /usr/lib/jvm/java-8-openjdk-amd64/jre/lib/amd64/libzip.so
7f821d28c000-7f821d297000 r-xp 00000000 08:05 405986                     /lib/x86_64-linux-gnu/libnss_files-2.19.so
7f821d297000-7f821d496000 ---p 0000b000 08:05 405986                     /lib/x86_64-linux-gnu/libnss_files-2.19.so
7f821d496000-7f821d497000 r--p 0000a000 08:05 405986                     /lib/x86_64-linux-gnu/libnss_files-2.19.so
7f821d497000-7f821d498000 rw-p 0000b000 08:05 405986                     /lib/x86_64-linux-gnu/libnss_files-2.19.so
7f821d498000-7f821d4a3000 r-xp 00000000 08:05 406006                     /lib/x86_64-linux-gnu/libnss_nis-2.19.so
7f821d4a3000-7f821d6a2000 ---p 0000b000 08:05 406006                     /lib/x86_64-linux-gnu/libnss_nis-2.19.so
7f821d6a2000-7f821d6a3000 r--p 0000a000 08:05 406006                     /lib/x86_64-linux-gnu/libnss_nis-2.19.so
7f821d6a3000-7f821d6a4000 rw-p 0000b000 08:05 406006                     /lib/x86_64-linux-gnu/libnss_nis-2.19.so
7f821d6a4000-7f821d6bb000 r-xp 00000000 08:05 405995                     /lib/x86_64-linux-gnu/libnsl-2.19.so
7f821d6bb000-7f821d8ba000 ---p 00017000 08:05 405995                     /lib/x86_64-linux-gnu/libnsl-2.19.so
7f821d8ba000-7f821d8bb000 r--p 00016000 08:05 405995                     /lib/x86_64-linux-gnu/libnsl-2.19.so
7f821d8bb000-7f821d8bc000 rw-p 00017000 08:05 405995                     /lib/x86_64-linux-gnu/libnsl-2.19.so
7f821d8bc000-7f821d8be000 rw-p 00000000 00:00 0 
7f821d8be000-7f821d8c7000 r-xp 00000000 08:05 405994                     /lib/x86_64-linux-gnu/libnss_compat-2.19.so
7f821d8c7000-7f821dac6000 ---p 00009000 08:05 405994                     /lib/x86_64-linux-gnu/libnss_compat-2.19.so
7f821dac6000-7f821dac7000 r--p 00008000 08:05 405994                     /lib/x86_64-linux-gnu/libnss_compat-2.19.so
7f821dac7000-7f821dac8000 rw-p 00009000 08:05 405994                     /lib/x86_64-linux-gnu/libnss_compat-2.19.so
7f821dac8000-7f821daf4000 r-xp 00000000 08:05 1317816                    /usr/lib/jvm/java-8-openjdk-amd64/jre/lib/amd64/libjava.so
7f821daf4000-7f821dcf4000 ---p 0002c000 08:05 1317816                    /usr/lib/jvm/java-8-openjdk-amd64/jre/lib/amd64/libjava.so
7f821dcf4000-7f821dcf5000 r--p 0002c000 08:05 1317816                    /usr/lib/jvm/java-8-openjdk-amd64/jre/lib/amd64/libjava.so
7f821dcf5000-7f821dcf7000 rw-p 0002d000 08:05 1317816                    /usr/lib/jvm/java-8-openjdk-amd64/jre/lib/amd64/libjava.so
7f821dcf7000-7f821dd07000 r-xp 00000000 08:05 1317815                    /usr/lib/jvm/java-8-openjdk-amd64/jre/lib/amd64/libverify.so
7f821dd07000-7f821df06000 ---p 00010000 08:05 1317815                    /usr/lib/jvm/java-8-openjdk-amd64/jre/lib/amd64/libverify.so
7f821df06000-7f821df08000 r--p 0000f000 08:05 1317815                    /usr/lib/jvm/java-8-openjdk-amd64/jre/lib/amd64/libverify.so
7f821df08000-7f821df09000 rw-p 00011000 08:05 1317815                    /usr/lib/jvm/java-8-openjdk-amd64/jre/lib/amd64/libverify.so
7f821df09000-7f821df10000 r-xp 00000000 08:05 406003                     /lib/x86_64-linux-gnu/librt-2.19.so
7f821df10000-7f821e10f000 ---p 00007000 08:05 406003                     /lib/x86_64-linux-gnu/librt-2.19.so
7f821e10f000-7f821e110000 r--p 00006000 08:05 406003                     /lib/x86_64-linux-gnu/librt-2.19.so
7f821e110000-7f821e111000 rw-p 00007000 08:05 406003                     /lib/x86_64-linux-gnu/librt-2.19.so
7f821e111000-7f821e127000 r-xp 00000000 08:05 397076                     /lib/x86_64-linux-gnu/libgcc_s.so.1
7f821e127000-7f821e326000 ---p 00016000 08:05 397076                     /lib/x86_64-linux-gnu/libgcc_s.so.1
7f821e326000-7f821e327000 rw-p 00015000 08:05 397076                     /lib/x86_64-linux-gnu/libgcc_s.so.1
7f821e327000-7f821e42c000 r-xp 00000000 08:05 405985                     /lib/x86_64-linux-gnu/libm-2.19.so
7f821e42c000-7f821e62b000 ---p 00105000 08:05 405985                     /lib/x86_64-linux-gnu/libm-2.19.so
7f821e62b000-7f821e62c000 r--p 00104000 08:05 405985                     /lib/x86_64-linux-gnu/libm-2.19.so
7f821e62c000-7f821e62d000 rw-p 00105000 08:05 405985                     /lib/x86_64-linux-gnu/libm-2.19.so
7f821e62d000-7f821e713000 r-xp 00000000 08:05 263951                     /usr/lib/x86_64-linux-gnu/libstdc++.so.6.0.19
7f821e713000-7f821e912000 ---p 000e6000 08:05 263951                     /usr/lib/x86_64-linux-gnu/libstdc++.so.6.0.19
7f821e912000-7f821e91a000 r--p 000e5000 08:05 263951                     /usr/lib/x86_64-linux-gnu/libstdc++.so.6.0.19
7f821e91a000-7f821e91c000 rw-p 000ed000 08:05 263951                     /usr/lib/x86_64-linux-gnu/libstdc++.so.6.0.19
7f821e91c000-7f821e931000 rw-p 00000000 00:00 0 
7f821e931000-7f821f50d000 r-xp 00000000 08:05 1317821                    /usr/lib/jvm/java-8-openjdk-amd64/jre/lib/amd64/server/libjvm.so
7f821f50d000-7f821f70d000 ---p 00bdc000 08:05 1317821                    /usr/lib/jvm/java-8-openjdk-amd64/jre/lib/amd64/server/libjvm.so
7f821f70d000-7f821f7ab000 r--p 00bdc000 08:05 1317821                    /usr/lib/jvm/java-8-openjdk-amd64/jre/lib/amd64/server/libjvm.so
7f821f7ab000-7f821f7d4000 rw-p 00c7a000 08:05 1317821                    /usr/lib/jvm/java-8-openjdk-amd64/jre/lib/amd64/server/libjvm.so
7f821f7d4000-7f821f804000 rw-p 00000000 00:00 0 
7f821f804000-7f821f81d000 r-xp 00000000 08:05 406001                     /lib/x86_64-linux-gnu/libpthread-2.19.so
7f821f81d000-7f821fa1c000 ---p 00019000 08:05 406001                     /lib/x86_64-linux-gnu/libpthread-2.19.so
7f821fa1c000-7f821fa1d000 r--p 00018000 08:05 406001                     /lib/x86_64-linux-gnu/libpthread-2.19.so
7f821fa1d000-7f821fa1e000 rw-p 00019000 08:05 406001                     /lib/x86_64-linux-gnu/libpthread-2.19.so
7f821fa1e000-7f821fa22000 rw-p 00000000 00:00 0 
7f821fa22000-7f821fa25000 r-xp 00000000 08:05 405989                     /lib/x86_64-linux-gnu/libdl-2.19.so
7f821fa25000-7f821fc24000 ---p 00003000 08:05 405989                     /lib/x86_64-linux-gnu/libdl-2.19.so
7f821fc24000-7f821fc25000 r--p 00002000 08:05 405989                     /lib/x86_64-linux-gnu/libdl-2.19.so
7f821fc25000-7f821fc26000 rw-p 00003000 08:05 405989                     /lib/x86_64-linux-gnu/libdl-2.19.so
7f821fc26000-7f821fc3e000 r-xp 00000000 08:05 397212                     /lib/x86_64-linux-gnu/libz.so.1.2.8
7f821fc3e000-7f821fe3d000 ---p 00018000 08:05 397212                     /lib/x86_64-linux-gnu/libz.so.1.2.8
7f821fe3d000-7f821fe3e000 r--p 00017000 08:05 397212                     /lib/x86_64-linux-gnu/libz.so.1.2.8
7f821fe3e000-7f821fe3f000 rw-p 00018000 08:05 397212                     /lib/x86_64-linux-gnu/libz.so.1.2.8
7f821fe3f000-7f821fffa000 r-xp 00000000 08:05 406000                     /lib/x86_64-linux-gnu/libc-2.19.so
7f821fffa000-7f82201f9000 ---p 001bb000 08:05 406000                     /lib/x86_64-linux-gnu/libc-2.19.so
7f82201f9000-7f82201fd000 r--p 001ba000 08:05 406000                     /lib/x86_64-linux-gnu/libc-2.19.so
7f82201fd000-7f82201ff000 rw-p 001be000 08:05 406000                     /lib/x86_64-linux-gnu/libc-2.19.so
7f82201ff000-7f8220204000 rw-p 00000000 00:00 0 
7f8220204000-7f8220211000 r-xp 00000000 08:05 1317800                    /usr/lib/jvm/java-8-openjdk-amd64/jre/lib/amd64/jli/libjli.so
7f8220211000-7f8220411000 ---p 0000d000 08:05 1317800                    /usr/lib/jvm/java-8-openjdk-amd64/jre/lib/amd64/jli/libjli.so
7f8220411000-7f8220412000 r--p 0000d000 08:05 1317800                    /usr/lib/jvm/java-8-openjdk-amd64/jre/lib/amd64/jli/libjli.so
7f8220412000-7f8220413000 rw-p 0000e000 08:05 1317800                    /usr/lib/jvm/java-8-openjdk-amd64/jre/lib/amd64/jli/libjli.so
7f8220413000-7f8220436000 r-xp 00000000 08:05 405997                     /lib/x86_64-linux-gnu/ld-2.19.so
7f8220436000-7f8220437000 r--s 00008000 08:05 1317780                    /usr/lib/jvm/java-8-openjdk-amd64/jre/lib/ext/sunec.jar
7f8220437000-7f822043d000 r--s 0003a000 08:05 1317775                    /usr/lib/jvm/java-8-openjdk-amd64/jre/lib/ext/sunjce_provider.jar
7f822043d000-7f822043e000 r--s 00010000 08:05 1317777                    /usr/lib/jvm/java-8-openjdk-amd64/jre/lib/ext/zipfs.jar
7f822043e000-7f822050e000 rw-p 00000000 00:00 0 
7f822050e000-7f8220511000 ---p 00000000 00:00 0 
7f8220511000-7f8220614000 rw-p 00000000 00:00 0                          [stack:8458]
7f8220614000-7f8220616000 r--s 00006000 08:05 799543                     /usr/share/java/java-atk-wrapper.jar
7f8220616000-7f8220629000 rw-p 00000000 00:00 0 
7f8220629000-7f8220631000 rw-s 00000000 08:05 661881                     /tmp/hsperfdata_quentin/8452
7f8220631000-7f8220632000 rw-p 00000000 00:00 0 
7f8220632000-7f8220633000 ---p 00000000 00:00 0 
7f8220633000-7f8220635000 rw-p 00000000 00:00 0 
7f8220635000-7f8220636000 r--p 00022000 08:05 405997                     /lib/x86_64-linux-gnu/ld-2.19.so
7f8220636000-7f8220637000 rw-p 00023000 08:05 405997                     /lib/x86_64-linux-gnu/ld-2.19.so
7f8220637000-7f8220638000 rw-p 00000000 00:00 0 
7ffd7d8eb000-7ffd7d90c000 rw-p 00000000 00:00 0                          [stack]
7ffd7d915000-7ffd7d917000 r-xp 00000000 00:00 0                          [vdso]
ffffffffff600000-ffffffffff601000 r-xp 00000000 00:00 0                  [vsyscall]

VM Arguments:
jvm_args: -Dmaven.home=EMBEDDED -Dclassworlds.conf=/home/quentin/Dropbox/Cours Semestre 8/Web Avance/j2ee/Workspace/.metadata/.plugins/org.eclipse.m2e.launching/launches/m2conf2853755940990276020.tmp -Dmaven.multiModuleProjectDirectory=/home/quentin/Dropbox/Cours Semestre 8/Web Avance/j2ee/Workspace/do-it-for-me -Dfile.encoding=UTF-8 
java_command: org.codehaus.plexus.classworlds.launcher.Launcher -B install
java_class_path (initial): /home/quentin/Téléchargements/eclipse/plugins/org.eclipse.m2e.maven.runtime_1.6.0.20150526-2031/jars/plexus-classworlds-2.5.2.jar
Launcher Type: SUN_STANDARD

Environment Variables:
PATH=/usr/local/sbin:/usr/local/bin:/usr/sbin:/usr/bin:/sbin:/bin:/usr/games:/usr/local/games
SHELL=/bin/bash
DISPLAY=:0

Signal Handlers:
SIGSEGV: [libjvm.so+0x9e7290], sa_mask[0]=11111111011111111101111111111110, sa_flags=SA_RESTART|SA_SIGINFO
SIGBUS: [libjvm.so+0x9e7290], sa_mask[0]=11111111011111111101111111111110, sa_flags=SA_RESTART|SA_SIGINFO
SIGFPE: [libjvm.so+0x849240], sa_mask[0]=11111111011111111101111111111110, sa_flags=SA_RESTART|SA_SIGINFO
SIGPIPE: [libjvm.so+0x849240], sa_mask[0]=11111111011111111101111111111110, sa_flags=SA_RESTART|SA_SIGINFO
SIGXFSZ: [libjvm.so+0x849240], sa_mask[0]=11111111011111111101111111111110, sa_flags=SA_RESTART|SA_SIGINFO
SIGILL: [libjvm.so+0x849240], sa_mask[0]=11111111011111111101111111111110, sa_flags=SA_RESTART|SA_SIGINFO
SIGUSR1: SIG_DFL, sa_mask[0]=00000000000000000000000000000000, sa_flags=none
SIGUSR2: [libjvm.so+0x849110], sa_mask[0]=00100000000000000000000000000000, sa_flags=SA_RESTART|SA_SIGINFO
SIGHUP: [libjvm.so+0x849300], sa_mask[0]=11111111011111111101111111111110, sa_flags=SA_RESTART|SA_SIGINFO
SIGINT: [libjvm.so+0x849300], sa_mask[0]=11111111011111111101111111111110, sa_flags=SA_RESTART|SA_SIGINFO
SIGTERM: [libjvm.so+0x849300], sa_mask[0]=11111111011111111101111111111110, sa_flags=SA_RESTART|SA_SIGINFO
SIGQUIT: [libjvm.so+0x849300], sa_mask[0]=11111111011111111101111111111110, sa_flags=SA_RESTART|SA_SIGINFO


---------------  S Y S T E M  ---------------

OS:DISTRIB_ID=Ubuntu
DISTRIB_RELEASE=14.04
DISTRIB_CODENAME=trusty
DISTRIB_DESCRIPTION="Ubuntu 14.04.3 LTS"

uname:Linux 3.13.0-65-generic #105-Ubuntu SMP Mon Sep 21 18:50:58 UTC 2015 x86_64
libc:glibc 2.19 NPTL 2.19 
rlimit: STACK 8192k, CORE 0k, NPROC 30219, NOFILE 4096, AS infinity
load average:3,13 2,13 1,49

/proc/meminfo:
MemTotal:        3897816 kB
MemFree:           95428 kB
Buffers:            2128 kB
Cached:           706244 kB
SwapCached:            0 kB
Active:          2949116 kB
Inactive:         678872 kB
Active(anon):    2948352 kB
Inactive(anon):   664956 kB
Active(file):        764 kB
Inactive(file):    13916 kB
Unevictable:         188 kB
Mlocked:             188 kB
SwapTotal:             0 kB
SwapFree:              0 kB
Dirty:               112 kB
Writeback:             0 kB
AnonPages:       2920472 kB
Mapped:           213768 kB
Shmem:            693024 kB
Slab:              81540 kB
SReclaimable:      31668 kB
SUnreclaim:        49872 kB
KernelStack:        5024 kB
PageTables:        33472 kB
NFS_Unstable:          0 kB
Bounce:                0 kB
WritebackTmp:          0 kB
CommitLimit:     1948908 kB
Committed_AS:    8610308 kB
VmallocTotal:   34359738367 kB
VmallocUsed:      547244 kB
VmallocChunk:   34359181740 kB
HardwareCorrupted:     0 kB
AnonHugePages:   1075200 kB
HugePages_Total:       0
HugePages_Free:        0
HugePages_Rsvd:        0
HugePages_Surp:        0
Hugepagesize:       2048 kB
DirectMap4k:       88320 kB
DirectMap2M:     3954688 kB


CPU:total 4 (2 cores per cpu, 2 threads per core) family 6 model 42 stepping 7, cmov, cx8, fxsr, mmx, sse, sse2, sse3, ssse3, sse4.1, sse4.2, popcnt, avx, aes, clmul, ht, tsc, tscinvbit

/proc/cpuinfo:
processor	: 0
vendor_id	: GenuineIntel
cpu family	: 6
model		: 42
model name	: Intel(R) Core(TM) i5-2410M CPU @ 2.30GHz
stepping	: 7
microcode	: 0x25
cpu MHz		: 2301.000
cache size	: 3072 KB
physical id	: 0
siblings	: 4
core id		: 0
cpu cores	: 2
apicid		: 0
initial apicid	: 0
fpu		: yes
fpu_exception	: yes
cpuid level	: 13
wp		: yes
flags		: fpu vme de pse tsc msr pae mce cx8 apic sep mtrr pge mca cmov pat pse36 clflush dts acpi mmx fxsr sse sse2 ss ht tm pbe syscall nx rdtscp lm constant_tsc arch_perfmon pebs bts rep_good nopl xtopology nonstop_tsc aperfmperf eagerfpu pni pclmulqdq dtes64 monitor ds_cpl vmx est tm2 ssse3 cx16 xtpr pdcm pcid sse4_1 sse4_2 x2apic popcnt tsc_deadline_timer aes xsave avx lahf_lm ida arat epb xsaveopt pln pts dtherm tpr_shadow vnmi flexpriority ept vpid
bogomips	: 4589.96
clflush size	: 64
cache_alignment	: 64
address sizes	: 36 bits physical, 48 bits virtual
power management:

processor	: 1
vendor_id	: GenuineIntel
cpu family	: 6
model		: 42
model name	: Intel(R) Core(TM) i5-2410M CPU @ 2.30GHz
stepping	: 7
microcode	: 0x25
cpu MHz		: 2301.000
cache size	: 3072 KB
physical id	: 0
siblings	: 4
core id		: 0
cpu cores	: 2
apicid		: 1
initial apicid	: 1
fpu		: yes
fpu_exception	: yes
cpuid level	: 13
wp		: yes
flags		: fpu vme de pse tsc msr pae mce cx8 apic sep mtrr pge mca cmov pat pse36 clflush dts acpi mmx fxsr sse sse2 ss ht tm pbe syscall nx rdtscp lm constant_tsc arch_perfmon pebs bts rep_good nopl xtopology nonstop_tsc aperfmperf eagerfpu pni pclmulqdq dtes64 monitor ds_cpl vmx est tm2 ssse3 cx16 xtpr pdcm pcid sse4_1 sse4_2 x2apic popcnt tsc_deadline_timer aes xsave avx lahf_lm ida arat epb xsaveopt pln pts dtherm tpr_shadow vnmi flexpriority ept vpid
bogomips	: 4589.96
clflush size	: 64
cache_alignment	: 64
address sizes	: 36 bits physical, 48 bits virtual
power management:

processor	: 2
vendor_id	: GenuineIntel
cpu family	: 6
model		: 42
model name	: Intel(R) Core(TM) i5-2410M CPU @ 2.30GHz
stepping	: 7
microcode	: 0x25
cpu MHz		: 2301.000
cache size	: 3072 KB
physical id	: 0
siblings	: 4
core id		: 1
cpu cores	: 2
apicid		: 2
initial apicid	: 2
fpu		: yes
fpu_exception	: yes
cpuid level	: 13
wp		: yes
flags		: fpu vme de pse tsc msr pae mce cx8 apic sep mtrr pge mca cmov pat pse36 clflush dts acpi mmx fxsr sse sse2 ss ht tm pbe syscall nx rdtscp lm constant_tsc arch_perfmon pebs bts rep_good nopl xtopology nonstop_tsc aperfmperf eagerfpu pni pclmulqdq dtes64 monitor ds_cpl vmx est tm2 ssse3 cx16 xtpr pdcm pcid sse4_1 sse4_2 x2apic popcnt tsc_deadline_timer aes xsave avx lahf_lm ida arat epb xsaveopt pln pts dtherm tpr_shadow vnmi flexpriority ept vpid
bogomips	: 4589.96
clflush size	: 64
cache_alignment	: 64
address sizes	: 36 bits physical, 48 bits virtual
power management:

processor	: 3
vendor_id	: GenuineIntel
cpu family	: 6
model		: 42
model name	: Intel(R) Core(TM) i5-2410M CPU @ 2.30GHz
stepping	: 7
microcode	: 0x25
cpu MHz		: 2301.000
cache size	: 3072 KB
physical id	: 0
siblings	: 4
core id		: 1
cpu cores	: 2
apicid		: 3
initial apicid	: 3
fpu		: yes
fpu_exception	: yes
cpuid level	: 13
wp		: yes
flags		: fpu vme de pse tsc msr pae mce cx8 apic sep mtrr pge mca cmov pat pse36 clflush dts acpi mmx fxsr sse sse2 ss ht tm pbe syscall nx rdtscp lm constant_tsc arch_perfmon pebs bts rep_good nopl xtopology nonstop_tsc aperfmperf eagerfpu pni pclmulqdq dtes64 monitor ds_cpl vmx est tm2 ssse3 cx16 xtpr pdcm pcid sse4_1 sse4_2 x2apic popcnt tsc_deadline_timer aes xsave avx lahf_lm ida arat epb xsaveopt pln pts dtherm tpr_shadow vnmi flexpriority ept vpid
bogomips	: 4589.96
clflush size	: 64
cache_alignment	: 64
address sizes	: 36 bits physical, 48 bits virtual
power management:



Memory: 4k page, physical 3897816k(95180k free), swap 0k(0k free)

vm_info: OpenJDK 64-Bit Server VM (25.45-b02) for linux-amd64 JRE (1.8.0_45-internal-b14), built on Apr 20 2015 18:43:38 by "buildd" with gcc 4.8.2

time: Fri Oct  2 18:42:54 2015
elapsed time: 6 seconds (0d 0h 0m 6s)

